[2025-10-14T06:31:56.388Z] EXCEPTIONS: Error: Neither apiKey nor config.authenticator provided
    at Stripe._setAuthenticator (file:///C:/xampp/htdocs/Documents/Nody2/server/node_modules/stripe/esm/stripe.core.js:155:23)
    at new Stripe (file:///C:/xampp/htdocs/Documents/Nody2/server/node_modules/stripe/esm/stripe.core.js:93:14)
    at file:///C:/xampp/htdocs/Documents/Nody2/server/services/paiementService.js:7:16
    at ModuleJob.run (node:internal/modules/esm/module_job:271:25)
    at async onImport.tracePromise.__proto__ (node:internal/modules/esm/loader:547:26)
    at async asyncRunEntryPointWithESMLoader (node:internal/modules/run_main:116:5)
[2025-10-14T06:37:40.939Z] EXCEPTIONS: Error: Neither apiKey nor config.authenticator provided
    at Stripe._setAuthenticator (file:///C:/xampp/htdocs/Documents/Nody2/server/node_modules/stripe/esm/stripe.core.js:155:23)
    at new Stripe (file:///C:/xampp/htdocs/Documents/Nody2/server/node_modules/stripe/esm/stripe.core.js:93:14)
    at file:///C:/xampp/htdocs/Documents/Nody2/server/services/paiementService.js:7:16
    at ModuleJob.run (node:internal/modules/esm/module_job:271:25)
    at async onImport.tracePromise.__proto__ (node:internal/modules/esm/loader:547:26)
    at async asyncRunEntryPointWithESMLoader (node:internal/modules/run_main:116:5)
[2025-10-14T06:40:05.907Z] EXCEPTIONS: TypeError: Missing parameter name at index 1: *; visit https://git.new/pathToRegexpError for info
    at name (C:\xampp\htdocs\Documents\Nody2\server\node_modules\path-to-regexp\dist\index.js:96:19)
    at parse (C:\xampp\htdocs\Documents\Nody2\server\node_modules\path-to-regexp\dist\index.js:113:68)
    at pathToRegexp (C:\xampp\htdocs\Documents\Nody2\server\node_modules\path-to-regexp\dist\index.js:267:58)
    at Object.match (C:\xampp\htdocs\Documents\Nody2\server\node_modules\path-to-regexp\dist\index.js:237:30)
    at matcher (C:\xampp\htdocs\Documents\Nody2\server\node_modules\router\lib\layer.js:86:23)
    at new Layer (C:\xampp\htdocs\Documents\Nody2\server\node_modules\router\lib\layer.js:93:62)
    at Function.route (C:\xampp\htdocs\Documents\Nody2\server\node_modules\router\index.js:428:17)
    at Function.route (C:\xampp\htdocs\Documents\Nody2\server\node_modules\express\lib\application.js:257:22)
    at Function.all (C:\xampp\htdocs\Documents\Nody2\server\node_modules\express\lib\application.js:495:20)
    at App.setupRoutes (file:///C:/xampp/htdocs/Documents/Nody2/server/app.js:130:18)
[2025-10-14T06:43:25.639Z] EXCEPTIONS: TypeError: Missing parameter name at index 2: /*; visit https://git.new/pathToRegexpError for info
    at name (C:\xampp\htdocs\Documents\Nody2\server\node_modules\path-to-regexp\dist\index.js:96:19)
    at parse (C:\xampp\htdocs\Documents\Nody2\server\node_modules\path-to-regexp\dist\index.js:113:68)
    at pathToRegexp (C:\xampp\htdocs\Documents\Nody2\server\node_modules\path-to-regexp\dist\index.js:267:58)
    at Object.match (C:\xampp\htdocs\Documents\Nody2\server\node_modules\path-to-regexp\dist\index.js:237:30)
    at matcher (C:\xampp\htdocs\Documents\Nody2\server\node_modules\router\lib\layer.js:86:23)
    at new Layer (C:\xampp\htdocs\Documents\Nody2\server\node_modules\router\lib\layer.js:93:62)
    at Function.route (C:\xampp\htdocs\Documents\Nody2\server\node_modules\router\index.js:428:17)
    at Function.route (C:\xampp\htdocs\Documents\Nody2\server\node_modules\express\lib\application.js:257:22)
    at Function.all (C:\xampp\htdocs\Documents\Nody2\server\node_modules\express\lib\application.js:495:20)
    at App.setupRoutes (file:///C:/xampp/htdocs/Documents/Nody2/server/app.js:130:18)
[2025-10-14T06:43:43.966Z] EXCEPTIONS: TypeError: Missing parameter name at index 2: /*; visit https://git.new/pathToRegexpError for info
    at name (C:\xampp\htdocs\Documents\Nody2\server\node_modules\path-to-regexp\dist\index.js:96:19)
    at parse (C:\xampp\htdocs\Documents\Nody2\server\node_modules\path-to-regexp\dist\index.js:113:68)
    at pathToRegexp (C:\xampp\htdocs\Documents\Nody2\server\node_modules\path-to-regexp\dist\index.js:267:58)
    at Object.match (C:\xampp\htdocs\Documents\Nody2\server\node_modules\path-to-regexp\dist\index.js:237:30)
    at matcher (C:\xampp\htdocs\Documents\Nody2\server\node_modules\router\lib\layer.js:86:23)
    at new Layer (C:\xampp\htdocs\Documents\Nody2\server\node_modules\router\lib\layer.js:93:62)
    at Function.route (C:\xampp\htdocs\Documents\Nody2\server\node_modules\router\index.js:428:17)
    at Function.route (C:\xampp\htdocs\Documents\Nody2\server\node_modules\express\lib\application.js:257:22)
    at Function.all (C:\xampp\htdocs\Documents\Nody2\server\node_modules\express\lib\application.js:495:20)
    at App.setupRoutes (file:///C:/xampp/htdocs/Documents/Nody2/server/app.js:130:18)
[2025-10-14T06:45:00.302Z] EXCEPTIONS: TypeError: Missing parameter name at index 1: *; visit https://git.new/pathToRegexpError for info
    at name (C:\xampp\htdocs\Documents\Nody2\server\node_modules\path-to-regexp\dist\index.js:96:19)
    at parse (C:\xampp\htdocs\Documents\Nody2\server\node_modules\path-to-regexp\dist\index.js:113:68)
    at pathToRegexp (C:\xampp\htdocs\Documents\Nody2\server\node_modules\path-to-regexp\dist\index.js:267:58)
    at Object.match (C:\xampp\htdocs\Documents\Nody2\server\node_modules\path-to-regexp\dist\index.js:237:30)
    at matcher (C:\xampp\htdocs\Documents\Nody2\server\node_modules\router\lib\layer.js:86:23)
    at new Layer (C:\xampp\htdocs\Documents\Nody2\server\node_modules\router\lib\layer.js:93:62)
    at Function.route (C:\xampp\htdocs\Documents\Nody2\server\node_modules\router\index.js:428:17)
    at Function.route (C:\xampp\htdocs\Documents\Nody2\server\node_modules\express\lib\application.js:257:22)
    at Function.all (C:\xampp\htdocs\Documents\Nody2\server\node_modules\express\lib\application.js:495:20)
    at App.setupRoutes (file:///C:/xampp/htdocs/Documents/Nody2/server/app.js:130:18)
[2025-10-14T06:45:48.906Z] EXCEPTIONS: TypeError: Missing parameter name at index 1: *; visit https://git.new/pathToRegexpError for info
    at name (C:\xampp\htdocs\Documents\Nody2\server\node_modules\path-to-regexp\dist\index.js:96:19)
    at parse (C:\xampp\htdocs\Documents\Nody2\server\node_modules\path-to-regexp\dist\index.js:113:68)
    at pathToRegexp (C:\xampp\htdocs\Documents\Nody2\server\node_modules\path-to-regexp\dist\index.js:267:58)
    at Object.match (C:\xampp\htdocs\Documents\Nody2\server\node_modules\path-to-regexp\dist\index.js:237:30)
    at matcher (C:\xampp\htdocs\Documents\Nody2\server\node_modules\router\lib\layer.js:86:23)
    at new Layer (C:\xampp\htdocs\Documents\Nody2\server\node_modules\router\lib\layer.js:93:62)
    at Function.route (C:\xampp\htdocs\Documents\Nody2\server\node_modules\router\index.js:428:17)
    at Function.route (C:\xampp\htdocs\Documents\Nody2\server\node_modules\express\lib\application.js:257:22)
    at Function.all (C:\xampp\htdocs\Documents\Nody2\server\node_modules\express\lib\application.js:495:20)
    at App.setupRoutes (file:///C:/xampp/htdocs/Documents/Nody2/server/app.js:130:18)
[2025-10-14T06:53:37.151Z] EXCEPTIONS: TypeError: Missing parameter name at index 1: *; visit https://git.new/pathToRegexpError for info
    at name (C:\xampp\htdocs\Documents\Nody2\server\node_modules\path-to-regexp\dist\index.js:96:19)
    at parse (C:\xampp\htdocs\Documents\Nody2\server\node_modules\path-to-regexp\dist\index.js:113:68)
    at pathToRegexp (C:\xampp\htdocs\Documents\Nody2\server\node_modules\path-to-regexp\dist\index.js:267:58)
    at Object.match (C:\xampp\htdocs\Documents\Nody2\server\node_modules\path-to-regexp\dist\index.js:237:30)
    at matcher (C:\xampp\htdocs\Documents\Nody2\server\node_modules\router\lib\layer.js:86:23)
    at new Layer (C:\xampp\htdocs\Documents\Nody2\server\node_modules\router\lib\layer.js:93:62)
    at Function.route (C:\xampp\htdocs\Documents\Nody2\server\node_modules\router\index.js:428:17)
    at Function.route (C:\xampp\htdocs\Documents\Nody2\server\node_modules\express\lib\application.js:257:22)
    at Function.all (C:\xampp\htdocs\Documents\Nody2\server\node_modules\express\lib\application.js:495:20)
    at App.setupRoutes (file:///C:/xampp/htdocs/Documents/Nody2/server/app.js:130:18)
[2025-10-14T06:57:12.386Z] EXCEPTIONS: TypeError: Missing parameter name at index 1: *; visit https://git.new/pathToRegexpError for info
    at name (C:\xampp\htdocs\Documents\Nody2\server\node_modules\path-to-regexp\dist\index.js:96:19)
    at parse (C:\xampp\htdocs\Documents\Nody2\server\node_modules\path-to-regexp\dist\index.js:113:68)
    at pathToRegexp (C:\xampp\htdocs\Documents\Nody2\server\node_modules\path-to-regexp\dist\index.js:267:58)
    at Object.match (C:\xampp\htdocs\Documents\Nody2\server\node_modules\path-to-regexp\dist\index.js:237:30)
    at matcher (C:\xampp\htdocs\Documents\Nody2\server\node_modules\router\lib\layer.js:86:23)
    at new Layer (C:\xampp\htdocs\Documents\Nody2\server\node_modules\router\lib\layer.js:93:62)
    at Function.route (C:\xampp\htdocs\Documents\Nody2\server\node_modules\router\index.js:428:17)
    at Function.route (C:\xampp\htdocs\Documents\Nody2\server\node_modules\express\lib\application.js:257:22)
    at Function.all (C:\xampp\htdocs\Documents\Nody2\server\node_modules\express\lib\application.js:495:20)
    at App.setupRoutes (file:///C:/xampp/htdocs/Documents/Nody2/server/app.js:134:18)
[2025-10-14T06:58:22.364Z] EXCEPTIONS: TypeError: Missing parameter name at index 1: *; visit https://git.new/pathToRegexpError for info
    at name (C:\xampp\htdocs\Documents\Nody2\server\node_modules\path-to-regexp\dist\index.js:96:19)
    at parse (C:\xampp\htdocs\Documents\Nody2\server\node_modules\path-to-regexp\dist\index.js:113:68)
    at pathToRegexp (C:\xampp\htdocs\Documents\Nody2\server\node_modules\path-to-regexp\dist\index.js:267:58)
    at Object.match (C:\xampp\htdocs\Documents\Nody2\server\node_modules\path-to-regexp\dist\index.js:237:30)
    at matcher (C:\xampp\htdocs\Documents\Nody2\server\node_modules\router\lib\layer.js:86:23)
    at new Layer (C:\xampp\htdocs\Documents\Nody2\server\node_modules\router\lib\layer.js:93:62)
    at Function.route (C:\xampp\htdocs\Documents\Nody2\server\node_modules\router\index.js:428:17)
    at Function.route (C:\xampp\htdocs\Documents\Nody2\server\node_modules\express\lib\application.js:257:22)
    at Function.all (C:\xampp\htdocs\Documents\Nody2\server\node_modules\express\lib\application.js:495:20)
    at App.setupRoutes (file:///C:/xampp/htdocs/Documents/Nody2/server/app.js:134:18)
[2025-10-14T06:58:23.753Z] EXCEPTIONS: TypeError: Missing parameter name at index 1: *; visit https://git.new/pathToRegexpError for info
    at name (C:\xampp\htdocs\Documents\Nody2\server\node_modules\path-to-regexp\dist\index.js:96:19)
    at parse (C:\xampp\htdocs\Documents\Nody2\server\node_modules\path-to-regexp\dist\index.js:113:68)
    at pathToRegexp (C:\xampp\htdocs\Documents\Nody2\server\node_modules\path-to-regexp\dist\index.js:267:58)
    at Object.match (C:\xampp\htdocs\Documents\Nody2\server\node_modules\path-to-regexp\dist\index.js:237:30)
    at matcher (C:\xampp\htdocs\Documents\Nody2\server\node_modules\router\lib\layer.js:86:23)
    at new Layer (C:\xampp\htdocs\Documents\Nody2\server\node_modules\router\lib\layer.js:93:62)
    at Function.route (C:\xampp\htdocs\Documents\Nody2\server\node_modules\router\index.js:428:17)
    at Function.route (C:\xampp\htdocs\Documents\Nody2\server\node_modules\express\lib\application.js:257:22)
    at Function.all (C:\xampp\htdocs\Documents\Nody2\server\node_modules\express\lib\application.js:495:20)
    at App.setupRoutes (file:///C:/xampp/htdocs/Documents/Nody2/server/app.js:130:18)
[2025-10-14T07:27:49.293Z] EXCEPTIONS: TypeError: Missing parameter name at index 10: /:urlPath*; visit https://git.new/pathToRegexpError for info
    at name (C:\xampp\htdocs\Documents\Nody2\server\node_modules\path-to-regexp\dist\index.js:96:19)
    at parse (C:\xampp\htdocs\Documents\Nody2\server\node_modules\path-to-regexp\dist\index.js:113:68)
    at pathToRegexp (C:\xampp\htdocs\Documents\Nody2\server\node_modules\path-to-regexp\dist\index.js:267:58)
    at Object.match (C:\xampp\htdocs\Documents\Nody2\server\node_modules\path-to-regexp\dist\index.js:237:30)
    at matcher (C:\xampp\htdocs\Documents\Nody2\server\node_modules\router\lib\layer.js:86:23)
    at new Layer (C:\xampp\htdocs\Documents\Nody2\server\node_modules\router\lib\layer.js:93:62)
    at Function.route (C:\xampp\htdocs\Documents\Nody2\server\node_modules\router\index.js:428:17)
    at Function.route (C:\xampp\htdocs\Documents\Nody2\server\node_modules\express\lib\application.js:257:22)
    at Function.all (C:\xampp\htdocs\Documents\Nody2\server\node_modules\express\lib\application.js:495:20)
    at App.setupMiddleware (file:///C:/xampp/htdocs/Documents/Nody2/server/app.js:70:18)
[2025-10-14T07:29:55.681Z] EXCEPTIONS: TypeError: Missing parameter name at index 1: *; visit https://git.new/pathToRegexpError for info
    at name (C:\xampp\htdocs\Documents\Nody2\server\node_modules\path-to-regexp\dist\index.js:96:19)
    at parse (C:\xampp\htdocs\Documents\Nody2\server\node_modules\path-to-regexp\dist\index.js:113:68)
    at pathToRegexp (C:\xampp\htdocs\Documents\Nody2\server\node_modules\path-to-regexp\dist\index.js:267:58)
    at Object.match (C:\xampp\htdocs\Documents\Nody2\server\node_modules\path-to-regexp\dist\index.js:237:30)
    at matcher (C:\xampp\htdocs\Documents\Nody2\server\node_modules\router\lib\layer.js:86:23)
    at new Layer (C:\xampp\htdocs\Documents\Nody2\server\node_modules\router\lib\layer.js:93:62)
    at Function.route (C:\xampp\htdocs\Documents\Nody2\server\node_modules\router\index.js:428:17)
    at Function.route (C:\xampp\htdocs\Documents\Nody2\server\node_modules\express\lib\application.js:257:22)
    at Function.all (C:\xampp\htdocs\Documents\Nody2\server\node_modules\express\lib\application.js:495:20)
    at App.setupRoutes (file:///C:/xampp/htdocs/Documents/Nody2/server/app.js:129:18)
[2025-10-14T07:34:15.243Z] EXCEPTIONS: TypeError: Missing parameter name at index 1: *; visit https://git.new/pathToRegexpError for info
    at name (C:\xampp\htdocs\Documents\Nody2\server\node_modules\path-to-regexp\dist\index.js:96:19)
    at parse (C:\xampp\htdocs\Documents\Nody2\server\node_modules\path-to-regexp\dist\index.js:113:68)
    at pathToRegexp (C:\xampp\htdocs\Documents\Nody2\server\node_modules\path-to-regexp\dist\index.js:267:58)
    at Object.match (C:\xampp\htdocs\Documents\Nody2\server\node_modules\path-to-regexp\dist\index.js:237:30)
    at matcher (C:\xampp\htdocs\Documents\Nody2\server\node_modules\router\lib\layer.js:86:23)
    at new Layer (C:\xampp\htdocs\Documents\Nody2\server\node_modules\router\lib\layer.js:93:62)
    at Function.route (C:\xampp\htdocs\Documents\Nody2\server\node_modules\router\index.js:428:17)
    at Function.route (C:\xampp\htdocs\Documents\Nody2\server\node_modules\express\lib\application.js:257:22)
    at Function.all (C:\xampp\htdocs\Documents\Nody2\server\node_modules\express\lib\application.js:495:20)
    at App.setupRoutes (file:///C:/xampp/htdocs/Documents/Nody2/server/app.js:128:18)
[2025-10-14T07:36:01.335Z] EXCEPTIONS: TypeError: Missing parameter name at index 1: *; visit https://git.new/pathToRegexpError for info
    at name (C:\xampp\htdocs\Documents\Nody2\server\node_modules\path-to-regexp\dist\index.js:96:19)
    at parse (C:\xampp\htdocs\Documents\Nody2\server\node_modules\path-to-regexp\dist\index.js:113:68)
    at pathToRegexp (C:\xampp\htdocs\Documents\Nody2\server\node_modules\path-to-regexp\dist\index.js:267:58)
    at Object.match (C:\xampp\htdocs\Documents\Nody2\server\node_modules\path-to-regexp\dist\index.js:237:30)
    at matcher (C:\xampp\htdocs\Documents\Nody2\server\node_modules\router\lib\layer.js:86:23)
    at new Layer (C:\xampp\htdocs\Documents\Nody2\server\node_modules\router\lib\layer.js:93:62)
    at Function.route (C:\xampp\htdocs\Documents\Nody2\server\node_modules\router\index.js:428:17)
    at Function.route (C:\xampp\htdocs\Documents\Nody2\server\node_modules\express\lib\application.js:257:22)
    at Function.all (C:\xampp\htdocs\Documents\Nody2\server\node_modules\express\lib\application.js:495:20)
    at App.setupRoutes (file:///C:/xampp/htdocs/Documents/Nody2/server/app.js:161:18)
